-------------------------------------------------------------------------------
Test set: com.example.demo.DemoApplicationTests
-------------------------------------------------------------------------------
Tests run: 2, Failures: 1, Errors: 0, Skipped: 0, Time elapsed: 1.912 s <<< FAILURE! - in com.example.demo.DemoApplicationTests
homeResponse  Time elapsed: 0.459 s  <<< FAILURE!
org.opentest4j.AssertionFailedError: expected: <Spring is here!> but was: <null>
	at com.example.demo.DemoApplicationTests.homeResponse(DemoApplicationTests.java:23)

